0 info it worked if it ends with ok
1 warn npm npm does not support Node.js v0.10.26
2 warn npm You should probably upgrade to a newer version of node as we
3 warn npm can't make any promises that npm will work with this version.
4 warn npm You can find the latest version at https://nodejs.org/
5 verbose cli [ 'node', '/usr/local/bin/npm', 'install', '-g', 'bower' ]
6 info using npm@4.1.2
7 info using node@v0.10.26
8 silly loadCurrentTree Starting
9 silly install loadCurrentTree
10 silly install readGlobalPackageData
11 silly fetchPackageMetaData bower
12 silly fetchNamedPackageData bower
13 silly mapToRegistry name bower
14 silly mapToRegistry using default registry
15 silly mapToRegistry registry https://registry.npmjs.org/
16 silly mapToRegistry data { raw: 'bower',
16 silly mapToRegistry   scope: null,
16 silly mapToRegistry   escapedName: 'bower',
16 silly mapToRegistry   name: 'bower',
16 silly mapToRegistry   rawSpec: '',
16 silly mapToRegistry   spec: 'latest',
16 silly mapToRegistry   type: 'tag' }
17 silly mapToRegistry uri https://registry.npmjs.org/bower
18 verbose request uri https://registry.npmjs.org/bower
19 verbose request no auth needed
20 info attempt registry request try #1 at 13:41:46
21 verbose request id e926b9d333e19d15
22 http request GET https://registry.npmjs.org/bower
23 http 200 https://registry.npmjs.org/bower
24 verbose headers { server: 'nginx/1.10.1',
24 verbose headers   'content-type': 'application/json',
24 verbose headers   'last-modified': 'Mon, 30 Oct 2017 10:21:03 GMT',
24 verbose headers   etag: 'W/"59f6fd0f-30039"',
24 verbose headers   'content-encoding': 'gzip',
24 verbose headers   'cache-control': 'max-age=300',
24 verbose headers   'content-length': '17420',
24 verbose headers   'accept-ranges': 'bytes',
24 verbose headers   date: 'Mon, 30 Oct 2017 16:41:47 GMT',
24 verbose headers   via: '1.1 varnish',
24 verbose headers   age: '293',
24 verbose headers   connection: 'keep-alive',
24 verbose headers   'x-served-by': 'cache-gru17134-GRU',
24 verbose headers   'x-cache': 'HIT',
24 verbose headers   'x-cache-hits': '2',
24 verbose headers   'x-timer': 'S1509381707.243290,VS0,VE0',
24 verbose headers   vary: 'Accept-Encoding, Accept' }
25 silly get cb [ 200,
25 silly get   { server: 'nginx/1.10.1',
25 silly get     'content-type': 'application/json',
25 silly get     'last-modified': 'Mon, 30 Oct 2017 10:21:03 GMT',
25 silly get     etag: 'W/"59f6fd0f-30039"',
25 silly get     'content-encoding': 'gzip',
25 silly get     'cache-control': 'max-age=300',
25 silly get     'content-length': '17420',
25 silly get     'accept-ranges': 'bytes',
25 silly get     date: 'Mon, 30 Oct 2017 16:41:47 GMT',
25 silly get     via: '1.1 varnish',
25 silly get     age: '293',
25 silly get     connection: 'keep-alive',
25 silly get     'x-served-by': 'cache-gru17134-GRU',
25 silly get     'x-cache': 'HIT',
25 silly get     'x-cache-hits': '2',
25 silly get     'x-timer': 'S1509381707.243290,VS0,VE0',
25 silly get     vary: 'Accept-Encoding, Accept' } ]
26 verbose get saving bower to /Users/cajuina/.npm/registry.npmjs.org/bower/.cache.json
27 verbose correctMkdir /Users/cajuina/.npm correctMkdir not in flight; initializing
28 silly install normalizeTree
29 silly loadCurrentTree Finishing
30 silly loadIdealTree Starting
31 silly install loadIdealTree
32 silly cloneCurrentTree Starting
33 silly install cloneCurrentTreeToIdealTree
34 silly cloneCurrentTree Finishing
35 silly loadShrinkwrap Starting
36 silly install loadShrinkwrap
37 silly loadShrinkwrap Finishing
38 silly loadAllDepsIntoIdealTree Starting
39 silly install loadAllDepsIntoIdealTree
40 silly resolveWithNewModule bower@1.8.2 checking installable status
41 silly cache add args [ 'bower', null ]
42 verbose cache add spec bower
43 silly cache add parsed spec { raw: 'bower',
43 silly cache add   scope: null,
43 silly cache add   escapedName: 'bower',
43 silly cache add   name: 'bower',
43 silly cache add   rawSpec: '',
43 silly cache add   spec: 'latest',
43 silly cache add   type: 'tag' }
44 silly addNamed bower@latest
45 verbose addNamed "latest" is being treated as a dist-tag for bower
46 info addNameTag [ 'bower', 'latest' ]
47 silly mapToRegistry name bower
48 silly mapToRegistry using default registry
49 silly mapToRegistry registry https://registry.npmjs.org/
50 silly mapToRegistry data { raw: 'bower',
50 silly mapToRegistry   scope: null,
50 silly mapToRegistry   escapedName: 'bower',
50 silly mapToRegistry   name: 'bower',
50 silly mapToRegistry   rawSpec: '',
50 silly mapToRegistry   spec: 'latest',
50 silly mapToRegistry   type: 'tag' }
51 silly mapToRegistry uri https://registry.npmjs.org/bower
52 verbose addNameTag registry:https://registry.npmjs.org/bower not in flight; fetching
53 verbose get https://registry.npmjs.org/bower not expired, no request
54 silly addNameTag next cb for bower with tag latest
55 silly addNamed bower@1.8.2
56 verbose addNamed "1.8.2" is a plain semver version for bower
57 warn deprecated bower@1.8.2: ...psst! Your project can stop working at any moment because its dependencies can change. Prevent this by migrating to Yarn: https://bower.io/blog/2017/how-to-migrate-away-from-bower/
58 silly mapToRegistry name bower
59 silly mapToRegistry using default registry
60 silly mapToRegistry registry https://registry.npmjs.org/
61 silly mapToRegistry data { raw: 'bower',
61 silly mapToRegistry   scope: null,
61 silly mapToRegistry   escapedName: 'bower',
61 silly mapToRegistry   name: 'bower',
61 silly mapToRegistry   rawSpec: '',
61 silly mapToRegistry   spec: 'latest',
61 silly mapToRegistry   type: 'tag' }
62 silly mapToRegistry uri https://registry.npmjs.org/bower
63 verbose addRemoteTarball https://registry.npmjs.org/bower/-/bower-1.8.2.tgz not in flight; adding
64 verbose addRemoteTarball [ 'https://registry.npmjs.org/bower/-/bower-1.8.2.tgz',
64 verbose addRemoteTarball   'adf53529c8d4af02ef24fb8d5341c1419d33e2f7' ]
65 info retry fetch attempt 1 at 13:41:47
66 info attempt registry request try #1 at 13:41:47
67 http fetch GET https://registry.npmjs.org/bower/-/bower-1.8.2.tgz
68 http fetch 200 https://registry.npmjs.org/bower/-/bower-1.8.2.tgz
69 silly fetchAndShaCheck shasum adf53529c8d4af02ef24fb8d5341c1419d33e2f7
70 verbose addTmpTarball /var/folders/v1/zqy9p7nd05dfk_yf64drfwwm0000gn/T/npm-17720-f391990d/registry.npmjs.org/bower/-/bower-1.8.2.tgz not in flight; adding
71 verbose addTmpTarball already have metadata; skipping unpack for bower@1.8.2
72 verbose correctMkdir /Users/cajuina/.npm correctMkdir not in flight; initializing
73 silly cache afterAdd bower@1.8.2
74 verbose afterAdd /Users/cajuina/.npm/bower/1.8.2/package/package.json not in flight; writing
75 verbose correctMkdir /Users/cajuina/.npm correctMkdir not in flight; initializing
76 verbose afterAdd /Users/cajuina/.npm/bower/1.8.2/package/package.json written
77 silly loadAllDepsIntoIdealTree Finishing
78 silly loadIdealTree Finishing
79 silly currentTree lib
79 silly currentTree └── bower@1.8.0
80 silly idealTree lib
80 silly idealTree └── bower@1.8.2
81 silly generateActionsToTake Starting
82 silly install generateActionsToTake
83 warn checkPermissions Missing write access to /usr/local/lib/node_modules/bower
84 warn checkPermissions Missing write access to /usr/local/lib/node_modules
85 silly rollbackFailedOptional Starting
86 silly rollbackFailedOptional Finishing
87 silly runTopLevelLifecycles Finishing
88 silly install printInstalled
89 verbose stack Error: EACCES, access '/usr/local/lib/node_modules/bower'
89 verbose stack     at module.exports (/usr/local/lib/node_modules/npm/lib/install/access-error.js:4:18)
89 verbose stack     at /usr/local/lib/node_modules/npm/lib/install/writable.js:30:25
89 verbose stack     at /usr/local/lib/node_modules/npm/node_modules/graceful-fs/graceful-fs.js:241:16
89 verbose stack     at Object.oncomplete (fs.js:107:15)
90 verbose cwd /Users/cajuina/Projects/Ruby/Rails/witlivingtest-web
91 error Darwin 14.5.0
92 error argv "node" "/usr/local/bin/npm" "install" "-g" "bower"
93 error node v0.10.26
94 error npm  v4.1.2
95 error path /usr/local/lib/node_modules/bower
96 error code EACCES
97 error Error: EACCES, access '/usr/local/lib/node_modules/bower'
97 error     at module.exports (/usr/local/lib/node_modules/npm/lib/install/access-error.js:4:18)
97 error     at /usr/local/lib/node_modules/npm/lib/install/writable.js:30:25
97 error     at /usr/local/lib/node_modules/npm/node_modules/graceful-fs/graceful-fs.js:241:16
97 error     at Object.oncomplete (fs.js:107:15)
97 error  { [Error: EACCES, access '/usr/local/lib/node_modules/bower'] code: 'EACCES', path: '/usr/local/lib/node_modules/bower' }
98 error Please try running this command again as root/Administrator.
99 verbose exit [ 1, true ]
